<?xml version="1.0" encoding="UTF-8"?>
<!-- Generated by org.testng.reporters.JUnitReportReporter -->
<testsuite skipped="0" hostname="Akhil" name="FirstMavenProject.FirstMavenProject.LoginFeature" tests="2" failures="0" timestamp="15 Mar 2017 04:40:21 GMT" time="97.090" errors="0">
  <testcase name="Test2" time="37.306" classname="FirstMavenProject.FirstMavenProject.LoginFeature"/>
  <testcase name="Test1" time="59.784" classname="FirstMavenProject.FirstMavenProject.LoginFeature"/>
</testsuite> <!-- FirstMavenProject.FirstMavenProject.LoginFeature -->
